\BOOKMARK [0][-]{section*.3}{\315ndice general}{}% 1
\BOOKMARK [0][-]{section*.4}{\315ndice de figuras}{}% 2
\BOOKMARK [0][-]{section*.5}{\315ndice de tablas}{}% 3
\BOOKMARK [0][-]{chapter.1}{Introducci\363n}{}% 4
\BOOKMARK [1][-]{section.1.1}{Motivaci\363n}{chapter.1}% 5
\BOOKMARK [1][-]{section.1.2}{Objetivo}{chapter.1}% 6
\BOOKMARK [1][-]{section.1.3}{Estructura de la memoria}{chapter.1}% 7
\BOOKMARK [0][-]{chapter.2}{Estado del arte}{}% 8
\BOOKMARK [1][-]{section.2.1}{Cr\355tica al estado del arte}{chapter.2}% 9
\BOOKMARK [0][-]{chapter.3}{An\341lisis del problema}{}% 10
\BOOKMARK [1][-]{section.3.1}{Actores}{chapter.3}% 11
\BOOKMARK [1][-]{section.3.2}{Historias de usuario}{chapter.3}% 12
\BOOKMARK [1][-]{section.3.3}{Requisitos funcionales}{chapter.3}% 13
\BOOKMARK [1][-]{section.3.4}{Requisitos no funcionales}{chapter.3}% 14
\BOOKMARK [1][-]{section.3.5}{Cluster kahan}{chapter.3}% 15
\BOOKMARK [1][-]{section.3.6}{Riesgos}{chapter.3}% 16
\BOOKMARK [0][-]{chapter.4}{Dise\361o de la soluci\363n}{}% 17
\BOOKMARK [1][-]{section.4.1}{Interacci\363n del Sistema}{chapter.4}% 18
\BOOKMARK [1][-]{section.4.2}{Software}{chapter.4}% 19
\BOOKMARK [1][-]{section.4.3}{Arquitectura del Sistema}{chapter.4}% 20
\BOOKMARK [1][-]{section.4.4}{Modelo de datos}{chapter.4}% 21
\BOOKMARK [2][-]{subsection.4.4.1}{Paquetes de Python}{section.4.4}% 22
\BOOKMARK [1][-]{section.4.5}{Sistema de colas}{chapter.4}% 23
\BOOKMARK [0][-]{chapter.5}{Desarrollo de la soluci\363n}{}% 24
\BOOKMARK [1][-]{section.5.1}{Dise\361o de la Aplicaci\363n en Flask}{chapter.5}% 25
\BOOKMARK [1][-]{section.5.2}{Env\355o de soluciones de Tareas}{chapter.5}% 26
\BOOKMARK [1][-]{section.5.3}{Entregables}{chapter.5}% 27
\BOOKMARK [0][-]{chapter.6}{Implantaci\363n}{}% 28
\BOOKMARK [1][-]{section.6.1}{Docker y Kubernetes}{chapter.6}% 29
\BOOKMARK [1][-]{section.6.2}{Despliegue en la Nube con Kubernetes}{chapter.6}% 30
\BOOKMARK [2][-]{subsection.6.2.1}{Pasos de un despliegue en GCE}{section.6.2}% 31
\BOOKMARK [2][-]{subsection.6.2.2}{Costos asociados}{section.6.2}% 32
\BOOKMARK [0][-]{chapter.7}{Mantenimiento}{}% 33
\BOOKMARK [1][-]{section.7.1}{Entorno local de desarrollo}{chapter.7}% 34
\BOOKMARK [1][-]{section.7.2}{Depuraci\363n de errores}{chapter.7}% 35
\BOOKMARK [1][-]{section.7.3}{Calidad de c\363digo}{chapter.7}% 36
\BOOKMARK [0][-]{chapter.8}{Extensibilidad}{}% 37
\BOOKMARK [1][-]{section.8.1}{Otros sistemas de Gesti\363n de Tareas}{chapter.8}% 38
\BOOKMARK [1][-]{section.8.2}{Localizaci\363n}{chapter.8}% 39
\BOOKMARK [0][-]{chapter.9}{Conclusiones}{}% 40
\BOOKMARK [1][-]{section.9.1}{Relaci\363n del trabajo desarrollado con los estudios cursados}{chapter.9}% 41
\BOOKMARK [0][-]{chapter.10}{Trabajos futuros}{}% 42
\BOOKMARK [0][-]{chapter*.46}{Bibliograf\355a}{}% 43
\BOOKMARK [0][-]{appendix.Alph1}{Configuraci\363n del sistema}{}% 44
\BOOKMARK [1][-]{section.Alph1.1}{Inicializaci\363n}{appendix.Alph1}% 45
\BOOKMARK [1][-]{section.Alph1.2}{Par\341metros}{appendix.Alph1}% 46
\BOOKMARK [0][-]{appendix.Alph2}{Licencia}{}% 47
